<?xml version="1.0" encoding="UTF-8"?>
<!-- Generated by org.testng.reporters.JUnitReportReporter -->
<testsuite skipped="0" hostname="LAPTOP-GA9IC5MO" name="Parallel.DiffCred" tests="2" failures="0" timestamp="2022-10-21T12:08:28 IST" time="114.899" errors="0">
  <testcase name="login" time="58.574" classname="Parallel.DiffCred"/>
  <system-out/>
  <testcase name="jrLogin" time="56.325" classname="Parallel.DiffCred"/>
  <system-out/>
</testsuite> <!-- Parallel.DiffCred -->
